2018-11-19 12:06:44.178 ERROR 7012 --- [restartedMain] o.s.b.d.LoggingFailureAnalysisReporter   : 

***************************
APPLICATION FAILED TO START
***************************

Description:

The dependencies of some of the beans in the application context form a cycle:

   webConfig (field private cn.stylefeng.guns.config.properties.GunsProperties cn.stylefeng.guns.config.web.WebConfig.gunsProperties)
      ↓
   shiroFilter defined in class path resource [cn/stylefeng/guns/config/web/ShiroConfig.class]
      ↓
   methodInvokingFactoryBean defined in class path resource [cn/stylefeng/guns/config/web/ShiroConfig.class]
┌─────┐
|  securityManager defined in class path resource [cn/stylefeng/guns/config/web/ShiroConfig.class]
└─────┘


2018-11-19 12:07:15.062 ERROR 2564 --- [restartedMain] o.s.b.d.LoggingFailureAnalysisReporter   : 

***************************
APPLICATION FAILED TO START
***************************

Description:

The dependencies of some of the beans in the application context form a cycle:

   webConfig (field private cn.stylefeng.guns.config.properties.GunsProperties cn.stylefeng.guns.config.web.WebConfig.gunsProperties)
      ↓
   shiroFilter defined in class path resource [cn/stylefeng/guns/config/web/ShiroConfig.class]
      ↓
   methodInvokingFactoryBean defined in class path resource [cn/stylefeng/guns/config/web/ShiroConfig.class]
┌─────┐
|  securityManager defined in class path resource [cn/stylefeng/guns/config/web/ShiroConfig.class]
└─────┘


2018-11-19 12:43:27.905 ERROR 15196 --- [restartedMain] o.s.b.d.LoggingFailureAnalysisReporter   : 

***************************
APPLICATION FAILED TO START
***************************

Description:

The dependencies of some of the beans in the application context form a cycle:

   webConfig (field private cn.stylefeng.guns.config.properties.GunsProperties cn.stylefeng.guns.config.web.WebConfig.gunsProperties)
      ↓
   shiroFilter defined in class path resource [cn/stylefeng/guns/config/web/ShiroConfig.class]
      ↓
   methodInvokingFactoryBean defined in class path resource [cn/stylefeng/guns/config/web/ShiroConfig.class]
┌─────┐
|  securityManager defined in class path resource [cn/stylefeng/guns/config/web/ShiroConfig.class]
└─────┘


